{
  "stats": {
    "suites": 1,
    "tests": 2,
    "passes": 2,
    "pending": 0,
    "failures": 0,
    "start": "2023-07-27T07:38:53.185Z",
    "end": "2023-07-27T07:39:16.914Z",
    "duration": 23729,
    "testsRegistered": 2,
    "passPercent": 100,
    "pendingPercent": 0,
    "other": 0,
    "hasOther": false,
    "skipped": 0,
    "hasSkipped": false
  },
  "results": [
    {
      "uuid": "e3f4e6a6-ffc5-4a05-bc16-57ae9e0a2ef1",
      "title": "",
      "fullFile": "cypress\\e2e\\tugas\\appointment.cy.js",
      "file": "cypress\\e2e\\tugas\\appointment.cy.js",
      "beforeHooks": [],
      "afterHooks": [],
      "tests": [],
      "suites": [
        {
          "uuid": "247ac05f-076f-4ff1-b9b7-6b2ff5870955",
          "title": "Make Appointment Test",
          "fullFile": "",
          "file": "",
          "beforeHooks": [],
          "afterHooks": [],
          "tests": [
            {
              "title": "Make Appointment Success",
              "fullTitle": "Make Appointment Test Make Appointment Success",
              "timedOut": null,
              "duration": 14784,
              "state": "passed",
              "speed": "slow",
              "pass": true,
              "fail": false,
              "pending": false,
              "context": null,
              "code": "cy.get('#combo_facility').select('Hongkong CURA Healthcare Center');\ncy.get('#chk_hospotal_readmission').click();\ncy.get('#txt_visit_date').type('30/07/2023');\ncy.get('#radio_program_medicaid').click();\ncy.get('#txt_comment').type('Test Cypress');\ncy.get('#btn-book-appointment').click();\ncy.get('#summary').should('be.visible');\ncy.get('#facility').invoke('text').should('eql', 'Hongkong CURA Healthcare Center');\ncy.get('#hospital_readmission').invoke('text').should('eql', 'Yes');\ncy.get('#program').invoke('text').should('eql', 'Medicaid');\ncy.get('#visit_date').invoke('text').should('eql', '30/07/2023');\ncy.get('#comment').invoke('text').should('eql', 'Test Cypress');",
              "err": {},
              "uuid": "652876da-57fe-4c82-91ba-6c6d5cdd87fd",
              "parentUUID": "247ac05f-076f-4ff1-b9b7-6b2ff5870955",
              "isHook": false,
              "skipped": false
            },
            {
              "title": "Make Appointment Failed, Not Input Date",
              "fullTitle": "Make Appointment Test Make Appointment Failed, Not Input Date",
              "timedOut": null,
              "duration": 3165,
              "state": "passed",
              "speed": "fast",
              "pass": true,
              "fail": false,
              "pending": false,
              "context": null,
              "code": "cy.get('#btn-book-appointment').click();\ncy.get('#appointment').should('be.visible');\ncy.get('#summary').should('not.exist');",
              "err": {},
              "uuid": "d0e1cab7-d480-4e07-8ab7-2796babcac9b",
              "parentUUID": "247ac05f-076f-4ff1-b9b7-6b2ff5870955",
              "isHook": false,
              "skipped": false
            }
          ],
          "suites": [],
          "passes": [
            "652876da-57fe-4c82-91ba-6c6d5cdd87fd",
            "d0e1cab7-d480-4e07-8ab7-2796babcac9b"
          ],
          "failures": [],
          "pending": [],
          "skipped": [],
          "duration": 17949,
          "root": false,
          "rootEmpty": false,
          "_timeout": 2000
        }
      ],
      "passes": [],
      "failures": [],
      "pending": [],
      "skipped": [],
      "duration": 0,
      "root": true,
      "rootEmpty": true,
      "_timeout": 2000
    }
  ],
  "meta": {
    "mocha": {
      "version": "7.0.1"
    },
    "mochawesome": {
      "options": {
        "quiet": false,
        "reportFilename": "mochawesome",
        "saveHtml": false,
        "saveJson": true,
        "consoleReporter": "spec",
        "useInlineDiffs": false,
        "code": true
      },
      "version": "7.1.3"
    },
    "marge": {
      "options": {
        "overwrite": false,
        "html": false,
        "json": true
      },
      "version": "6.2.0"
    }
  }
}