{
  "stats": {
    "suites": 1,
    "tests": 2,
    "passes": 2,
    "pending": 0,
    "failures": 0,
    "start": "2023-07-27T07:45:46.715Z",
    "end": "2023-07-27T07:46:02.599Z",
    "duration": 15884,
    "testsRegistered": 2,
    "passPercent": 100,
    "pendingPercent": 0,
    "other": 0,
    "hasOther": false,
    "skipped": 0,
    "hasSkipped": false
  },
  "results": [
    {
      "uuid": "f7c47b99-de25-404a-9e01-150c4a1ef211",
      "title": "",
      "fullFile": "cypress\\e2e\\tugas\\appointment.cy.js",
      "file": "cypress\\e2e\\tugas\\appointment.cy.js",
      "beforeHooks": [],
      "afterHooks": [],
      "tests": [],
      "suites": [
        {
          "uuid": "4aeeb883-c4fb-43c9-9e44-a77444f71e5e",
          "title": "Make Appointment Test",
          "fullFile": "",
          "file": "",
          "beforeHooks": [],
          "afterHooks": [],
          "tests": [
            {
              "title": "Make Appointment Success",
              "fullTitle": "Make Appointment Test Make Appointment Success",
              "timedOut": null,
              "duration": 8183,
              "state": "passed",
              "speed": "medium",
              "pass": true,
              "fail": false,
              "pending": false,
              "context": null,
              "code": "cy.get('#combo_facility').select('Hongkong CURA Healthcare Center');\ncy.get('#chk_hospotal_readmission').click();\ncy.get('#txt_visit_date').type('30/07/2023');\ncy.get('#radio_program_medicaid').click();\ncy.get('#txt_comment').type('Test Cypress');\ncy.get('#btn-book-appointment').click();\ncy.get('#summary').should('be.visible');\ncy.get('#facility').invoke('text').should('eql', 'Hongkong CURA Healthcare Center');\ncy.get('#hospital_readmission').invoke('text').should('eql', 'Yes');\ncy.get('#program').invoke('text').should('eql', 'Medicaid');\ncy.get('#visit_date').invoke('text').should('eql', '30/07/2023');\ncy.get('#comment').invoke('text').should('eql', 'Test Cypress');",
              "err": {},
              "uuid": "f784b6c5-f175-4449-aa02-d9032e07b8d4",
              "parentUUID": "4aeeb883-c4fb-43c9-9e44-a77444f71e5e",
              "isHook": false,
              "skipped": false
            },
            {
              "title": "Make Appointment Failed, Not Input Date",
              "fullTitle": "Make Appointment Test Make Appointment Failed, Not Input Date",
              "timedOut": null,
              "duration": 2315,
              "state": "passed",
              "speed": "fast",
              "pass": true,
              "fail": false,
              "pending": false,
              "context": null,
              "code": "cy.get('#btn-book-appointment').click();\ncy.get('#appointment').should('be.visible');\ncy.get('#summary').should('not.exist');",
              "err": {},
              "uuid": "5128a797-da18-431f-a203-bfc63d49ac8d",
              "parentUUID": "4aeeb883-c4fb-43c9-9e44-a77444f71e5e",
              "isHook": false,
              "skipped": false
            }
          ],
          "suites": [],
          "passes": [
            "f784b6c5-f175-4449-aa02-d9032e07b8d4",
            "5128a797-da18-431f-a203-bfc63d49ac8d"
          ],
          "failures": [],
          "pending": [],
          "skipped": [],
          "duration": 10498,
          "root": false,
          "rootEmpty": false,
          "_timeout": 2000
        }
      ],
      "passes": [],
      "failures": [],
      "pending": [],
      "skipped": [],
      "duration": 0,
      "root": true,
      "rootEmpty": true,
      "_timeout": 2000
    }
  ],
  "meta": {
    "mocha": {
      "version": "7.0.1"
    },
    "mochawesome": {
      "options": {
        "quiet": false,
        "reportFilename": "mochawesome",
        "saveHtml": false,
        "saveJson": true,
        "consoleReporter": "spec",
        "useInlineDiffs": false,
        "code": true
      },
      "version": "7.1.3"
    },
    "marge": {
      "options": {
        "overwrite": false,
        "html": false,
        "json": true
      },
      "version": "6.2.0"
    }
  }
}