{
  "stats": {
    "suites": 1,
    "tests": 4,
    "passes": 4,
    "pending": 0,
    "failures": 0,
    "start": "2023-07-27T07:46:08.373Z",
    "end": "2023-07-27T07:46:20.642Z",
    "duration": 12269,
    "testsRegistered": 4,
    "passPercent": 100,
    "pendingPercent": 0,
    "other": 0,
    "hasOther": false,
    "skipped": 0,
    "hasSkipped": false
  },
  "results": [
    {
      "uuid": "bb7da9bf-522e-44c3-8648-660cdab3d739",
      "title": "",
      "fullFile": "cypress\\e2e\\tugas\\login.cy.js",
      "file": "cypress\\e2e\\tugas\\login.cy.js",
      "beforeHooks": [],
      "afterHooks": [],
      "tests": [],
      "suites": [
        {
          "uuid": "e2e7922c-7c8d-4913-ac17-de8b77ac9cd8",
          "title": "Login Test",
          "fullFile": "",
          "file": "",
          "beforeHooks": [],
          "afterHooks": [],
          "tests": [
            {
              "title": "Login Success",
              "fullTitle": "Login Test Login Success",
              "timedOut": null,
              "duration": 4260,
              "state": "passed",
              "speed": "fast",
              "pass": true,
              "fail": false,
              "pending": false,
              "context": null,
              "code": "cy.get('#txt-username').type('John Doe');\ncy.get('#txt-password').type('ThisIsNotAPassword');\ncy.get('#btn-login').click();\ncy.get('#appointment').should('be.visible');",
              "err": {},
              "uuid": "ce683852-bd6c-4e30-ae48-e489b9abce39",
              "parentUUID": "e2e7922c-7c8d-4913-ac17-de8b77ac9cd8",
              "isHook": false,
              "skipped": false
            },
            {
              "title": "Login Failed, Wrong Username",
              "fullTitle": "Login Test Login Failed, Wrong Username",
              "timedOut": null,
              "duration": 2204,
              "state": "passed",
              "speed": "fast",
              "pass": true,
              "fail": false,
              "pending": false,
              "context": null,
              "code": "cy.get('#txt-username').type('John Thor');\ncy.get('#txt-password').type('ThisIsNotAPassword');\ncy.get('#btn-login').click();\ncy.get('.text-danger').should('be.visible');\ncy.get('.text-danger').invoke('text').should('contain', 'Login failed');",
              "err": {},
              "uuid": "75927300-a75e-4e8d-9218-a21d3c5be57e",
              "parentUUID": "e2e7922c-7c8d-4913-ac17-de8b77ac9cd8",
              "isHook": false,
              "skipped": false
            },
            {
              "title": "Login Failed, Wrong Password",
              "fullTitle": "Login Test Login Failed, Wrong Password",
              "timedOut": null,
              "duration": 2022,
              "state": "passed",
              "speed": "fast",
              "pass": true,
              "fail": false,
              "pending": false,
              "context": null,
              "code": "cy.get('#txt-username').type('John Doe');\ncy.get('#txt-password').type('ThisIsAPassword');\ncy.get('#btn-login').click();\ncy.get('.text-danger').should('be.visible');\ncy.get('.text-danger').invoke('text').should('contain', 'Login failed');",
              "err": {},
              "uuid": "feb16867-33d2-4020-9ab6-d08909d99e1a",
              "parentUUID": "e2e7922c-7c8d-4913-ac17-de8b77ac9cd8",
              "isHook": false,
              "skipped": false
            },
            {
              "title": "Login Failed, Empty Username and Password",
              "fullTitle": "Login Test Login Failed, Empty Username and Password",
              "timedOut": null,
              "duration": 1293,
              "state": "passed",
              "speed": "fast",
              "pass": true,
              "fail": false,
              "pending": false,
              "context": null,
              "code": "cy.get('#btn-login').click();\ncy.get('.text-danger').should('be.visible');\ncy.get('.text-danger').invoke('text').should('contain', 'Login failed');",
              "err": {},
              "uuid": "85a8927a-3a9c-45fe-878d-2620f2d77673",
              "parentUUID": "e2e7922c-7c8d-4913-ac17-de8b77ac9cd8",
              "isHook": false,
              "skipped": false
            }
          ],
          "suites": [],
          "passes": [
            "ce683852-bd6c-4e30-ae48-e489b9abce39",
            "75927300-a75e-4e8d-9218-a21d3c5be57e",
            "feb16867-33d2-4020-9ab6-d08909d99e1a",
            "85a8927a-3a9c-45fe-878d-2620f2d77673"
          ],
          "failures": [],
          "pending": [],
          "skipped": [],
          "duration": 9779,
          "root": false,
          "rootEmpty": false,
          "_timeout": 2000
        }
      ],
      "passes": [],
      "failures": [],
      "pending": [],
      "skipped": [],
      "duration": 0,
      "root": true,
      "rootEmpty": true,
      "_timeout": 2000
    }
  ],
  "meta": {
    "mocha": {
      "version": "7.0.1"
    },
    "mochawesome": {
      "options": {
        "quiet": false,
        "reportFilename": "mochawesome",
        "saveHtml": false,
        "saveJson": true,
        "consoleReporter": "spec",
        "useInlineDiffs": false,
        "code": true
      },
      "version": "7.1.3"
    },
    "marge": {
      "options": {
        "overwrite": false,
        "html": false,
        "json": true
      },
      "version": "6.2.0"
    }
  }
}